[debug] [2023-06-26T11:21:28.270Z] ----------------------------------------------------------------------
[debug] [2023-06-26T11:21:28.272Z] Command:       C:\Program Files\nodejs\node.exe C:\Users\Administrator\AppData\Roaming\npm\node_modules\firebase-tools\lib\bin\firebase.js init
[debug] [2023-06-26T11:21:28.272Z] CLI Version:   12.4.0
[debug] [2023-06-26T11:21:28.273Z] Platform:      win32
[debug] [2023-06-26T11:21:28.273Z] Node Version:  v16.17.0
[debug] [2023-06-26T11:21:28.274Z] Time:          Mon Jun 26 2023 16:51:28 GMT+0530 (India Standard Time)
[debug] [2023-06-26T11:21:28.274Z] ----------------------------------------------------------------------
[debug] 
[debug] [2023-06-26T11:21:28.280Z] > command requires scopes: ["email","openid","https://www.googleapis.com/auth/cloudplatformprojects.readonly","https://www.googleapis.com/auth/firebase","https://www.googleapis.com/auth/cloud-platform"]
[debug] [2023-06-26T11:21:28.280Z] > authorizing via signed-in user (hitesh.coder786@gmail.com)
[info] 
     ######## #### ########  ######## ########     ###     ######  ########
     ##        ##  ##     ## ##       ##     ##  ##   ##  ##       ##
     ######    ##  ########  ######   ########  #########  ######  ######
     ##        ##  ##    ##  ##       ##     ## ##     ##       ## ##
     ##       #### ##     ## ######## ########  ##     ##  ######  ########

You're about to initialize a Firebase project in this directory:

  C:\Users\Administrator\Downloads\coreui-free-react-admin-template-main\coreui-free-react-admin-template-main

[info] 
=== Project Setup
[info] 
[info] First, let's associate this project directory with a Firebase project.
[info] You can create multiple project aliases by running firebase use --add, 
[info] but for now we'll just set up a default project.
[info] 
[debug] [2023-06-26T11:21:41.954Z] > refreshing access token with scopes: []
[debug] [2023-06-26T11:21:41.956Z] >>> [apiv2][query] POST https://www.googleapis.com/oauth2/v3/token [none]
[debug] [2023-06-26T11:21:41.956Z] >>> [apiv2][body] POST https://www.googleapis.com/oauth2/v3/token [omitted]
[debug] [2023-06-26T11:21:42.229Z] <<< [apiv2][status] POST https://www.googleapis.com/oauth2/v3/token 200
[debug] [2023-06-26T11:21:42.230Z] <<< [apiv2][body] POST https://www.googleapis.com/oauth2/v3/token [omitted]
[debug] [2023-06-26T11:21:42.241Z] >>> [apiv2][query] GET https://firebase.googleapis.com/v1beta1/projects pageSize=100
[debug] [2023-06-26T11:21:43.118Z] <<< [apiv2][status] GET https://firebase.googleapis.com/v1beta1/projects 200
[debug] [2023-06-26T11:21:43.118Z] <<< [apiv2][body] GET https://firebase.googleapis.com/v1beta1/projects [omitted]
[info] i  Using project test-task-c12c4 (Test-task) 
[info] 
=== Hosting Setup
[info] 
[info] Your public directory is the folder (relative to your project directory) that
[info] will contain Hosting assets to be uploaded with firebase deploy. If you
[info] have a build process for your assets, use your build's output directory.
[info] 
[debug] [2023-06-26T11:24:02.639Z] >>> [apiv2][query] GET https://www.gstatic.com/firebasejs/releases.json [none]
[debug] [2023-06-26T11:24:02.784Z] <<< [apiv2][status] GET https://www.gstatic.com/firebasejs/releases.json 200
[debug] [2023-06-26T11:24:02.785Z] <<< [apiv2][body] GET https://www.gstatic.com/firebasejs/releases.json {"current":{"version":"9.23.0","browserURL":"https://www.gstatic.com/firebasejs/9.23.0/firebase.js","packageURL":"https://www.gstatic.com/firebasejs/9.23.0/firebase.tgz"},"live":{"version":"9.23","browserURL":"https://www.gstatic.com/firebasejs/live/9.23/firebase.js","packageURL":"https://www.gstatic.com/firebasejs/live/9.23/firebase.tgz"},"components":{"analytics":"https://www.gstatic.com/firebasejs/9.23.0/firebase-analytics.js","app":"https://www.gstatic.com/firebasejs/9.23.0/firebase-app.js","app-check":"https://www.gstatic.com/firebasejs/9.23.0/firebase-app-check.js","auth":"https://www.gstatic.com/firebasejs/9.23.0/firebase-auth.js","auth/cordova":"https://www.gstatic.com/firebasejs/9.23.0/firebase-auth/cordova.js","auth/react-native":"https://www.gstatic.com/firebasejs/9.23.0/firebase-auth/react-native.js","functions":"https://www.gstatic.com/firebasejs/9.23.0/firebase-functions.js","firestore":"https://www.gstatic.com/firebasejs/9.23.0/firebase-firestore.js","firestore/lite":"https://www.gstatic.com/firebasejs/9.23.0/firebase-firestore/lite.js","installations":"https://www.gstatic.com/firebasejs/9.23.0/firebase-installations.js","storage":"https://www.gstatic.com/firebasejs/9.23.0/firebase-storage.js","performance":"https://www.gstatic.com/firebasejs/9.23.0/firebase-performance.js","remote-config":"https://www.gstatic.com/firebasejs/9.23.0/firebase-remote-config.js","messaging":"https://www.gstatic.com/firebasejs/9.23.0/firebase-messaging.js","messaging/sw":"https://www.gstatic.com/firebasejs/9.23.0/firebase-messaging/sw.js","database":"https://www.gstatic.com/firebasejs/9.23.0/firebase-database.js","firestore.memory":"https://www.gstatic.com/firebasejs/9.23.0/firebase-firestore.memory.js"}}
[info] i  Skipping write of public/index.html 
[info] 
[info] i  Didn't detect a .git folder. Assuming C:\Users\Administrator\Downloads\coreui-free-react-admin-template-main\coreui-free-react-admin-template-main is the project root. 
[info] i  Authorizing with GitHub to upload your service account to a GitHub repository's secrets store. 
[info] 
[info] Visit this URL on this device to log in:
[info] https://github.com/login/oauth/authorize?client_id=89cf50f02ac6aaed3484&state=604625287&redirect_uri=http%3A%2F%2Flocalhost%3A9005&scope=read%3Auser%20repo%20public_repo
[info] 
[info] Waiting for authentication...
[debug] [2023-06-26T11:24:23.159Z] >>> [apiv2][query] POST https://github.com/login/oauth/access_token [none]
[debug] [2023-06-26T11:24:23.160Z] >>> [apiv2][body] POST https://github.com/login/oauth/access_token [stream]
[debug] [2023-06-26T11:24:23.642Z] <<< [apiv2][status] POST https://github.com/login/oauth/access_token 200
[debug] [2023-06-26T11:24:23.642Z] <<< [apiv2][body] POST https://github.com/login/oauth/access_token {"access_token":"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","token_type":"bearer","scope":"read:user,repo"}
[debug] [2023-06-26T11:24:23.655Z] >>> [apiv2][query] GET https://api.github.com/user [none]
[debug] [2023-06-26T11:24:24.044Z] <<< [apiv2][status] GET https://api.github.com/user 200
[debug] [2023-06-26T11:24:24.044Z] <<< [apiv2][body] GET https://api.github.com/user {"login":"hiteshk-sdei","id":64205935,"node_id":"MDQ6VXNlcjY0MjA1OTM1","avatar_url":"https://avatars.githubusercontent.com/u/64205935?v=4","gravatar_id":"","url":"https://api.github.com/users/hiteshk-sdei","html_url":"https://github.com/hiteshk-sdei","followers_url":"https://api.github.com/users/hiteshk-sdei/followers","following_url":"https://api.github.com/users/hiteshk-sdei/following{/other_user}","gists_url":"https://api.github.com/users/hiteshk-sdei/gists{/gist_id}","starred_url":"https://api.github.com/users/hiteshk-sdei/starred{/owner}{/repo}","subscriptions_url":"https://api.github.com/users/hiteshk-sdei/subscriptions","organizations_url":"https://api.github.com/users/hiteshk-sdei/orgs","repos_url":"https://api.github.com/users/hiteshk-sdei/repos","events_url":"https://api.github.com/users/hiteshk-sdei/events{/privacy}","received_events_url":"https://api.github.com/users/hiteshk-sdei/received_events","type":"User","site_admin":false,"name":null,"company":null,"blog":"","location":null,"email":null,"hireable":null,"bio":null,"twitter_username":null,"public_repos":7,"public_gists":0,"followers":0,"following":0,"created_at":"2020-04-23T12:40:44Z","updated_at":"2023-06-26T11:24:12Z","private_gists":0,"total_private_repos":3,"owned_private_repos":3,"disk_usage":77771,"collaborators":1,"two_factor_authentication":false,"plan":{"name":"free","space":976562499,"collaborators":0,"private_repos":10000}}
[info] 
[info] +  Success! Logged into GitHub as hiteshk-sdei 
[info] 
